#
# There is insufficient memory for the Java Runtime Environment to continue.
# Native memory allocation (mmap) failed to map 65536 bytes for Failed to commit metaspace.
# Possible reasons:
#   The system is out of physical RAM or swap space
#   The process is running with CompressedOops enabled, and the Java Heap may be blocking the growth of the native heap
# Possible solutions:
#   Reduce memory load on the system
#   Increase physical memory or swap space
#   Check if swap backing store is full
#   Decrease Java heap size (-Xmx/-Xms)
#   Decrease number of Java threads
#   Decrease Java thread stack sizes (-Xss)
#   Set larger code cache with -XX:ReservedCodeCacheSize=
#   JVM is running with Unscaled Compressed Oops mode in which the Java heap is
#     placed in the first 4GB address space. The Java Heap base address is the
#     maximum limit for the native heap growth. Please use -XX:HeapBaseMinAddress
#     to set the Java Heap base and to place the Java Heap above 4GB virtual address.
# This output file may be truncated or incomplete.
#
#  Out of Memory Error (virtualSpaceNode.cpp:110), pid=14348, tid=7364
#
# JRE version: OpenJDK Runtime Environment JBR-17.0.8.1+7-1059.3-nomod (17.0.8.1+7) (build 17.0.8.1+7-b1059.3)
# Java VM: OpenJDK 64-Bit Server VM JBR-17.0.8.1+7-1059.3-nomod (17.0.8.1+7-b1059.3, mixed mode, emulated-client, tiered, compressed oops, compressed class ptrs, g1 gc, windows-amd64)
# No core dump will be written. Minidumps are not enabled by default on client versions of Windows
#

---------------  S U M M A R Y ------------

Command Line: -XX:TieredStopAtLevel=1 -Dspring.output.ansi.enabled=always -Dcom.sun.management.jmxremote -Dspring.jmx.enabled=true -Dspring.liveBeansView.mbeanDomain -Dspring.application.admin.enabled=true -Dmanagement.endpoints.jmx.exposure.include=* -javaagent:C:\Program Files\JetBrains\IntelliJ IDEA 2023.1.4\lib\idea_rt.jar=53159:C:\Program Files\JetBrains\IntelliJ IDEA 2023.1.4\bin -Dfile.encoding=UTF-8 com.httmbe.HttmBeApplication

Host: Intel(R) Core(TM) i7-9750H CPU @ 2.60GHz, 12 cores, 7G,  Windows 11 , 64 bit Build 22621 (10.0.22621.2428)
Time: Mon Nov  6 23:10:40 2023 SE Asia Standard Time elapsed time: 5.287148 seconds (0d 0h 0m 5s)

---------------  T H R E A D  ---------------

Current thread (0x000001a8d9653710):  JavaThread "main" [_thread_in_vm, id=7364, stack(0x0000000501100000,0x0000000501200000)]

Stack: [0x0000000501100000,0x0000000501200000]
Native frames: (J=compiled Java code, j=interpreted, Vv=VM code, C=native code)
V  [jvm.dll+0x6852da]
V  [jvm.dll+0x844ad4]
V  [jvm.dll+0x8463ee]
V  [jvm.dll+0x846a53]
V  [jvm.dll+0x24b7cf]
V  [jvm.dll+0x83fe8b]
V  [jvm.dll+0x6296c6]
V  [jvm.dll+0x1c2dee]
V  [jvm.dll+0x62c011]
V  [jvm.dll+0x62a066]
V  [jvm.dll+0x248abc]
V  [jvm.dll+0x6dca5d]
V  [jvm.dll+0x6dd48f]
V  [jvm.dll+0x377ee0]
V  [jvm.dll+0x376f24]
V  [jvm.dll+0x376ec8]
V  [jvm.dll+0x386f3a]
C  0x000001a8dce29925

Java frames: (J=compiled Java code, j=interpreted, Vv=VM code)
j  org.hibernate.loader.ast.internal.LoaderSqlAstCreationState.<init>(Lorg/hibernate/sql/ast/tree/select/QueryPart;Lorg/hibernate/sql/ast/spi/SqlAliasBaseManager;Lorg/hibernate/sql/ast/spi/FromClauseAccess;Lorg/hibernate/LockOptions;Lorg/hibernate/loader/ast/internal/LoaderSqlAstCreationState$FetchProcessor;ZLorg/hibernate/engine/spi/LoadQueryInfluencers;Lorg/hibernate/sql/ast/spi/SqlAstCreationContext;)V+56
j  org.hibernate.loader.ast.internal.LoaderSelectBuilder.createSqlAstCreationState(Lorg/hibernate/sql/ast/tree/select/QuerySpec;)Lorg/hibernate/loader/ast/internal/LoaderSqlAstCreationState;+41
j  org.hibernate.loader.ast.internal.LoaderSelectBuilder.generateSelect()Lorg/hibernate/sql/ast/tree/select/SelectStatement;+28
j  org.hibernate.loader.ast.internal.LoaderSelectBuilder.createSelect(Lorg/hibernate/loader/ast/spi/Loadable;Ljava/util/List;Lorg/hibernate/metamodel/mapping/ModelPart;Lorg/hibernate/sql/results/graph/DomainResult;ILorg/hibernate/engine/spi/LoadQueryInfluencers;Lorg/hibernate/LockOptions;Ljava/util/function/Consumer;Lorg/hibernate/engine/spi/SessionFactoryImplementor;)Lorg/hibernate/sql/ast/tree/select/SelectStatement;+25
j  org.hibernate.loader.ast.internal.SingleIdEntityLoaderStandardImpl.createLoadPlan(Lorg/hibernate/LockOptions;Lorg/hibernate/engine/spi/LoadQueryInfluencers;Lorg/hibernate/engine/spi/SessionFactoryImplementor;)Lorg/hibernate/loader/ast/internal/SingleIdLoadPlan;+36
j  org.hibernate.loader.ast.internal.SingleIdEntityLoaderStandardImpl.prepare()V+23
j  org.hibernate.persister.entity.AbstractEntityPersister.prepareLoader(Lorg/hibernate/loader/ast/spi/Loader;)V+11
j  org.hibernate.persister.entity.AbstractEntityPersister.postInstantiate()V+9
j  org.hibernate.metamodel.model.domain.internal.MappingMetamodelImpl.finishInitialization(Lorg/hibernate/metamodel/spi/RuntimeModelCreationContext;)V+143
j  org.hibernate.internal.SessionFactoryImpl.initializeMappingModel(Lorg/hibernate/metamodel/model/domain/internal/MappingMetamodelImpl;Lorg/hibernate/boot/spi/BootstrapContext;Lorg/hibernate/boot/spi/MetadataImplementor;Lorg/hibernate/boot/spi/SessionFactoryOptions;)V+18
j  org.hibernate.internal.SessionFactoryImpl.<init>(Lorg/hibernate/boot/spi/MetadataImplementor;Lorg/hibernate/boot/spi/SessionFactoryOptions;Lorg/hibernate/boot/spi/BootstrapContext;)V+430
j  org.hibernate.boot.internal.SessionFactoryBuilderImpl.build()Lorg/hibernate/SessionFactory;+16
j  org.hibernate.jpa.boot.internal.EntityManagerFactoryBuilderImpl.build()Ljakarta/persistence/EntityManagerFactory;+22
j  org.springframework.orm.jpa.vendor.SpringHibernateJpaPersistenceProvider.createContainerEntityManagerFactory(Ljakarta/persistence/spi/PersistenceUnitInfo;Ljava/util/Map;)Ljakarta/persistence/EntityManagerFactory;+59
j  org.springframework.orm.jpa.LocalContainerEntityManagerFactoryBean.createNativeEntityManagerFactory()Ljakarta/persistence/EntityManagerFactory;+111
j  org.springframework.orm.jpa.AbstractEntityManagerFactoryBean.buildNativeEntityManagerFactory()Ljakarta/persistence/EntityManagerFactory;+1
j  org.springframework.orm.jpa.AbstractEntityManagerFactoryBean.afterPropertiesSet()V+192
j  org.springframework.orm.jpa.LocalContainerEntityManagerFactoryBean.afterPropertiesSet()V+84
j  org.springframework.beans.factory.support.AbstractAutowireCapableBeanFactory.invokeInitMethods(Ljava/lang/String;Ljava/lang/Object;Lorg/springframework/beans/factory/support/RootBeanDefinition;)V+56
j  org.springframework.beans.factory.support.AbstractAutowireCapableBeanFactory.initializeBean(Ljava/lang/String;Ljava/lang/Object;Lorg/springframework/beans/factory/support/RootBeanDefinition;)Ljava/lang/Object;+34
j  org.springframework.beans.factory.support.AbstractAutowireCapableBeanFactory.doCreateBean(Ljava/lang/String;Lorg/springframework/beans/factory/support/RootBeanDefinition;[Ljava/lang/Object;)Ljava/lang/Object;+228
j  org.springframework.beans.factory.support.AbstractAutowireCapableBeanFactory.createBean(Ljava/lang/String;Lorg/springframework/beans/factory/support/RootBeanDefinition;[Ljava/lang/Object;)Ljava/lang/Object;+153
j  org.springframework.beans.factory.support.AbstractBeanFactory.lambda$doGetBean$0(Ljava/lang/String;Lorg/springframework/beans/factory/support/RootBeanDefinition;[Ljava/lang/Object;)Ljava/lang/Object;+4
j  org.springframework.beans.factory.support.AbstractBeanFactory$$Lambda$346+0x000000010031cb30.getObject()Ljava/lang/Object;+16
j  org.springframework.beans.factory.support.DefaultSingletonBeanRegistry.getSingleton(Ljava/lang/String;Lorg/springframework/beans/factory/ObjectFactory;)Ljava/lang/Object;+114
J 2460 c1 org.springframework.beans.factory.support.AbstractBeanFactory.doGetBean(Ljava/lang/String;Ljava/lang/Class;[Ljava/lang/Object;Z)Ljava/lang/Object; (714 bytes) @ 0x000001a8dd3f366c [0x000001a8dd3f30c0+0x00000000000005ac]
j  org.springframework.beans.factory.support.AbstractBeanFactory.getBean(Ljava/lang/String;)Ljava/lang/Object;+5
j  org.springframework.context.support.AbstractApplicationContext.getBean(Ljava/lang/String;)Ljava/lang/Object;+9
j  org.springframework.context.support.AbstractApplicationContext.finishBeanFactoryInitialization(Lorg/springframework/beans/factory/config/ConfigurableListableBeanFactory;)V+106
j  org.springframework.context.support.AbstractApplicationContext.refresh()V+86
j  org.springframework.boot.web.servlet.context.ServletWebServerApplicationContext.refresh()V+1
j  org.springframework.boot.SpringApplication.refresh(Lorg/springframework/context/ConfigurableApplicationContext;)V+1
j  org.springframework.boot.SpringApplication.refreshContext(Lorg/springframework/context/ConfigurableApplicationContext;)V+16
j  org.springframework.boot.SpringApplication.run([Ljava/lang/String;)Lorg/springframework/context/ConfigurableApplicationContext;+114
j  org.springframework.boot.SpringApplication.run([Ljava/lang/Class;[Ljava/lang/String;)Lorg/springframework/context/ConfigurableApplicationContext;+9
j  org.springframework.boot.SpringApplication.run(Ljava/lang/Class;[Ljava/lang/String;)Lorg/springframework/context/ConfigurableApplicationContext;+9
j  com.httmbe.HttmBeApplication.main([Ljava/lang/String;)V+3
v  ~StubRoutines::call_stub

---------------  P R O C E S S  ---------------

Threads class SMR info:
_java_thread_list=0x000001a8edf73630, length=23, elements={
0x000001a8d9653710, 0x000001a8e79f3260, 0x000001a8e79f60f0, 0x000001a8e7882cf0,
0x000001a8e7883b70, 0x000001a8e7887950, 0x000001a8e7888310, 0x000001a8e7888d80,
0x000001a8e7889780, 0x000001a8e781bb00, 0x000001a8e781c1b0, 0x000001a8e7acd260,
0x000001a8ec1f42f0, 0x000001a8ec1f6bc0, 0x000001a8ec4538b0, 0x000001a8ecd0e5a0,
0x000001a8ecd6d9c0, 0x000001a8ed1557d0, 0x000001a8ed155ce0, 0x000001a8ed153460,
0x000001a8ed152a40, 0x000001a8ed152530, 0x000001a8ed154db0
}

Java Threads: ( => current thread )
=>0x000001a8d9653710 JavaThread "main" [_thread_in_vm, id=7364, stack(0x0000000501100000,0x0000000501200000)]
  0x000001a8e79f3260 JavaThread "Reference Handler" daemon [_thread_blocked, id=18488, stack(0x0000000501800000,0x0000000501900000)]
  0x000001a8e79f60f0 JavaThread "Finalizer" daemon [_thread_blocked, id=18856, stack(0x0000000501900000,0x0000000501a00000)]
  0x000001a8e7882cf0 JavaThread "Signal Dispatcher" daemon [_thread_blocked, id=10756, stack(0x0000000501a00000,0x0000000501b00000)]
  0x000001a8e7883b70 JavaThread "Attach Listener" daemon [_thread_blocked, id=20240, stack(0x0000000501b00000,0x0000000501c00000)]
  0x000001a8e7887950 JavaThread "Service Thread" daemon [_thread_blocked, id=12716, stack(0x0000000501c00000,0x0000000501d00000)]
  0x000001a8e7888310 JavaThread "Monitor Deflation Thread" daemon [_thread_blocked, id=8468, stack(0x0000000501d00000,0x0000000501e00000)]
  0x000001a8e7888d80 JavaThread "C1 CompilerThread0" daemon [_thread_blocked, id=19500, stack(0x0000000501e00000,0x0000000501f00000)]
  0x000001a8e7889780 JavaThread "Sweeper thread" daemon [_thread_blocked, id=7680, stack(0x0000000501f00000,0x0000000502000000)]
  0x000001a8e781bb00 JavaThread "Common-Cleaner" daemon [_thread_blocked, id=3248, stack(0x0000000502000000,0x0000000502100000)]
  0x000001a8e781c1b0 JavaThread "C1 CompilerThread1" daemon [_thread_blocked, id=1880, stack(0x0000000502100000,0x0000000502200000)]
  0x000001a8e7acd260 JavaThread "C1 CompilerThread2" daemon [_thread_blocked, id=19932, stack(0x0000000502200000,0x0000000502300000)]
  0x000001a8ec1f42f0 JavaThread "Monitor Ctrl-Break" daemon [_thread_in_native, id=16176, stack(0x0000000502300000,0x0000000502400000)]
  0x000001a8ec1f6bc0 JavaThread "Notification Thread" daemon [_thread_blocked, id=20656, stack(0x0000000502400000,0x0000000502500000)]
  0x000001a8ec4538b0 JavaThread "RMI TCP Accept-0" daemon [_thread_in_native, id=2588, stack(0x0000000502500000,0x0000000502600000)]
  0x000001a8ecd0e5a0 JavaThread "RMI TCP Connection(1)-192.168.1.88" daemon [_thread_in_native, id=3712, stack(0x0000000502d00000,0x0000000502e00000)]
  0x000001a8ecd6d9c0 JavaThread "RMI Scheduler(0)" daemon [_thread_blocked, id=11308, stack(0x0000000502e00000,0x0000000502f00000)]
  0x000001a8ed1557d0 JavaThread "Catalina-utility-1" [_thread_blocked, id=14396, stack(0x0000000502f00000,0x0000000503000000)]
  0x000001a8ed155ce0 JavaThread "Catalina-utility-2" [_thread_blocked, id=18204, stack(0x0000000503500000,0x0000000503600000)]
  0x000001a8ed153460 JavaThread "container-0" [_thread_blocked, id=13540, stack(0x0000000503600000,0x0000000503700000)]
  0x000001a8ed152a40 JavaThread "mysql-cj-abandoned-connection-cleanup" daemon [_thread_blocked, id=7548, stack(0x0000000503700000,0x0000000503800000)]
  0x000001a8ed152530 JavaThread "HikariPool-1 housekeeper" daemon [_thread_blocked, id=2220, stack(0x0000000503900000,0x0000000503a00000)]
  0x000001a8ed154db0 JavaThread "HikariPool-1 connection adder" daemon [_thread_blocked, id=3584, stack(0x0000000503a00000,0x0000000503b00000)]

Other Threads:
  0x000001a8e79e0a00 VMThread "VM Thread" [stack: 0x0000000501700000,0x0000000501800000] [id=10908]
  0x000001a8d96c6710 WatcherThread [stack: 0x0000000502600000,0x0000000502700000] [id=5768]
  0x000001a8d96ad840 GCTaskThread "GC Thread#0" [stack: 0x0000000501200000,0x0000000501300000] [id=8548]
  0x000001a8ec7c5020 GCTaskThread "GC Thread#1" [stack: 0x0000000502700000,0x0000000502800000] [id=6280]
  0x000001a8ec79db60 GCTaskThread "GC Thread#2" [stack: 0x0000000502800000,0x0000000502900000] [id=12400]
  0x000001a8ec7f4d20 GCTaskThread "GC Thread#3" [stack: 0x0000000502900000,0x0000000502a00000] [id=9916]
  0x000001a8ec7f4fe0 GCTaskThread "GC Thread#4" [stack: 0x0000000502a00000,0x0000000502b00000] [id=12856]
  0x000001a8ec7f52a0 GCTaskThread "GC Thread#5" [stack: 0x0000000502b00000,0x0000000502c00000] [id=6128]
  0x000001a8ec7f9570 GCTaskThread "GC Thread#6" [stack: 0x0000000502c00000,0x0000000502d00000] [id=3300]
  0x000001a8ecddb050 GCTaskThread "GC Thread#7" [stack: 0x0000000503000000,0x0000000503100000] [id=5368]
  0x000001a8ece39040 GCTaskThread "GC Thread#8" [stack: 0x0000000503100000,0x0000000503200000] [id=19984]
  0x000001a8ece39300 GCTaskThread "GC Thread#9" [stack: 0x0000000503200000,0x0000000503300000] [id=20124]
  0x000001a8d96be310 ConcurrentGCThread "G1 Main Marker" [stack: 0x0000000501300000,0x0000000501400000] [id=11620]
  0x000001a8d96bf4c0 ConcurrentGCThread "G1 Conc#0" [stack: 0x0000000501400000,0x0000000501500000] [id=20120]
  0x000001a8ece58120 ConcurrentGCThread "G1 Conc#1" [stack: 0x0000000503300000,0x0000000503400000] [id=16672]
  0x000001a8ece583e0 ConcurrentGCThread "G1 Conc#2" [stack: 0x0000000503400000,0x0000000503500000] [id=7396]
  0x000001a8e76e2120 ConcurrentGCThread "G1 Refine#0" [stack: 0x0000000501500000,0x0000000501600000] [id=11088]
  0x000001a8e76e2960 ConcurrentGCThread "G1 Service" [stack: 0x0000000501600000,0x0000000501700000] [id=3704]

Threads with active compile tasks:

VM state: not at safepoint (normal execution)

VM Mutex/Monitor currently owned by a thread:  ([mutex/lock_event])
[0x000001a8d964d270] Metaspace_lock - owner thread: 0x000001a8d9653710

Heap address: 0x0000000082400000, size: 2012 MB, Compressed Oops mode: 32-bit

CDS archive(s) not mapped
Compressed class space mapped at: 0x0000000100000000-0x0000000140000000, reserved size: 1073741824
Narrow klass base: 0x0000000000000000, Narrow klass shift: 3, Narrow klass range: 0x140000000

GC Precious Log:
 CPUs: 12 total, 12 available
 Memory: 8042M
 Large Page Support: Disabled
 NUMA Support: Disabled
 Compressed Oops: Enabled (32-bit)
 Heap Region Size: 1M
 Heap Min Capacity: 8M
 Heap Initial Capacity: 126M
 Heap Max Capacity: 2012M
 Pre-touch: Disabled
 Parallel Workers: 10
 Concurrent Workers: 3
 Concurrent Refinement Workers: 10
 Periodic GC: Disabled

Heap:
 garbage-first heap   total 61440K, used 44366K [0x0000000082400000, 0x0000000100000000)
  region size 1024K, 25 young (25600K), 2 survivors (2048K)
 Metaspace       used 64952K, committed 65408K, reserved 1114112K
  class space    used 8921K, committed 9152K, reserved 1048576K

Heap Regions: E=young(eden), S=young(survivor), O=old, HS=humongous(starts), HC=humongous(continues), CS=collection set, F=free, OA=open archive, CA=closed archive, TAMS=top-at-mark-start (previous, next)
|   0|0x0000000082400000, 0x0000000082500000, 0x0000000082500000|100%|HS|  |TAMS 0x0000000082500000, 0x0000000082400000| Complete 
|   1|0x0000000082500000, 0x0000000082600000, 0x0000000082600000|100%| O|  |TAMS 0x0000000082600000, 0x0000000082500000| Untracked 
|   2|0x0000000082600000, 0x0000000082700000, 0x0000000082700000|100%| O|  |TAMS 0x0000000082700000, 0x0000000082600000| Untracked 
|   3|0x0000000082700000, 0x0000000082800000, 0x0000000082800000|100%| O|  |TAMS 0x0000000082800000, 0x0000000082700000| Untracked 
|   4|0x0000000082800000, 0x0000000082900000, 0x0000000082900000|100%| O|  |TAMS 0x0000000082900000, 0x0000000082800000| Untracked 
|   5|0x0000000082900000, 0x0000000082a00000, 0x0000000082a00000|100%| O|  |TAMS 0x0000000082a00000, 0x0000000082900000| Untracked 
|   6|0x0000000082a00000, 0x0000000082b00000, 0x0000000082b00000|100%| O|  |TAMS 0x0000000082b00000, 0x0000000082a00000| Untracked 
|   7|0x0000000082b00000, 0x0000000082c00000, 0x0000000082c00000|100%| O|  |TAMS 0x0000000082c00000, 0x0000000082b00000| Untracked 
|   8|0x0000000082c00000, 0x0000000082d00000, 0x0000000082d00000|100%| O|  |TAMS 0x0000000082d00000, 0x0000000082c00000| Untracked 
|   9|0x0000000082d00000, 0x0000000082e00000, 0x0000000082e00000|100%| O|  |TAMS 0x0000000082e00000, 0x0000000082d00000| Untracked 
|  10|0x0000000082e00000, 0x0000000082f00000, 0x0000000082f00000|100%| O|  |TAMS 0x0000000082f00000, 0x0000000082e00000| Untracked 
|  11|0x0000000082f00000, 0x0000000083000000, 0x0000000083000000|100%| O|  |TAMS 0x0000000083000000, 0x0000000082f00000| Untracked 
|  12|0x0000000083000000, 0x0000000083100000, 0x0000000083100000|100%| O|  |TAMS 0x0000000083100000, 0x0000000083000000| Untracked 
|  13|0x0000000083100000, 0x0000000083200000, 0x0000000083200000|100%| O|  |TAMS 0x0000000083200000, 0x0000000083100000| Untracked 
|  14|0x0000000083200000, 0x0000000083300000, 0x0000000083300000|100%| O|  |TAMS 0x0000000083300000, 0x0000000083200000| Untracked 
|  15|0x0000000083300000, 0x000000008336ea00, 0x0000000083400000| 43%| O|  |TAMS 0x000000008336ea00, 0x0000000083300000| Untracked 
|  16|0x0000000083400000, 0x0000000083500000, 0x0000000083500000|100%| O|  |TAMS 0x0000000083500000, 0x0000000083400000| Untracked 
|  17|0x0000000083500000, 0x0000000083600000, 0x0000000083600000|100%| O|  |TAMS 0x0000000083600000, 0x0000000083500000| Untracked 
|  18|0x0000000083600000, 0x0000000083700000, 0x0000000083700000|100%| O|  |TAMS 0x0000000083700000, 0x0000000083600000| Untracked 
|  19|0x0000000083700000, 0x0000000083800000, 0x0000000083800000|100%| O|  |TAMS 0x00000000837f1000, 0x0000000083700000| Untracked 
|  20|0x0000000083800000, 0x0000000083900000, 0x0000000083900000|100%| O|  |TAMS 0x0000000083800000, 0x0000000083800000| Untracked 
|  21|0x0000000083900000, 0x0000000083975600, 0x0000000083a00000| 45%| O|  |TAMS 0x0000000083900000, 0x0000000083900000| Untracked 
|  22|0x0000000083a00000, 0x0000000083a00000, 0x0000000083b00000|  0%| F|  |TAMS 0x0000000083a00000, 0x0000000083a00000| Untracked 
|  23|0x0000000083b00000, 0x0000000083b00000, 0x0000000083c00000|  0%| F|  |TAMS 0x0000000083b00000, 0x0000000083b00000| Untracked 
|  24|0x0000000083c00000, 0x0000000083c00000, 0x0000000083d00000|  0%| F|  |TAMS 0x0000000083c00000, 0x0000000083c00000| Untracked 
|  25|0x0000000083d00000, 0x0000000083d00000, 0x0000000083e00000|  0%| F|  |TAMS 0x0000000083d00000, 0x0000000083d00000| Untracked 
|  26|0x0000000083e00000, 0x0000000083e00000, 0x0000000083f00000|  0%| F|  |TAMS 0x0000000083e00000, 0x0000000083e00000| Untracked 
|  27|0x0000000083f00000, 0x0000000083f00000, 0x0000000084000000|  0%| F|  |TAMS 0x0000000083f00000, 0x0000000083f00000| Untracked 
|  28|0x0000000084000000, 0x0000000084000000, 0x0000000084100000|  0%| F|  |TAMS 0x0000000084000000, 0x0000000084000000| Untracked 
|  29|0x0000000084100000, 0x0000000084100000, 0x0000000084200000|  0%| F|  |TAMS 0x0000000084100000, 0x0000000084100000| Untracked 
|  30|0x0000000084200000, 0x0000000084200000, 0x0000000084300000|  0%| F|  |TAMS 0x0000000084200000, 0x0000000084200000| Untracked 
|  31|0x0000000084300000, 0x0000000084300000, 0x0000000084400000|  0%| F|  |TAMS 0x0000000084300000, 0x0000000084300000| Untracked 
|  32|0x0000000084400000, 0x0000000084400000, 0x0000000084500000|  0%| F|  |TAMS 0x0000000084400000, 0x0000000084400000| Untracked 
|  33|0x0000000084500000, 0x0000000084500000, 0x0000000084600000|  0%| F|  |TAMS 0x0000000084500000, 0x0000000084500000| Untracked 
|  34|0x0000000084600000, 0x0000000084600000, 0x0000000084700000|  0%| F|  |TAMS 0x0000000084600000, 0x0000000084600000| Untracked 
|  35|0x0000000084700000, 0x000000008479d258, 0x0000000084800000| 61%| E|  |TAMS 0x0000000084700000, 0x0000000084700000| Complete 
|  36|0x0000000084800000, 0x0000000084900000, 0x0000000084900000|100%| E|CS|TAMS 0x0000000084800000, 0x0000000084800000| Complete 
|  37|0x0000000084900000, 0x0000000084a00000, 0x0000000084a00000|100%| E|CS|TAMS 0x0000000084900000, 0x0000000084900000| Complete 
|  38|0x0000000084a00000, 0x0000000084b00000, 0x0000000084b00000|100%| E|CS|TAMS 0x0000000084a00000, 0x0000000084a00000| Complete 
|  39|0x0000000084b00000, 0x0000000084c00000, 0x0000000084c00000|100%| E|CS|TAMS 0x0000000084b00000, 0x0000000084b00000| Complete 
|  40|0x0000000084c00000, 0x0000000084d00000, 0x0000000084d00000|100%| E|CS|TAMS 0x0000000084c00000, 0x0000000084c00000| Complete 
|  41|0x0000000084d00000, 0x0000000084e00000, 0x0000000084e00000|100%| E|CS|TAMS 0x0000000084d00000, 0x0000000084d00000| Complete 
|  42|0x0000000084e00000, 0x0000000084f00000, 0x0000000084f00000|100%| E|CS|TAMS 0x0000000084e00000, 0x0000000084e00000| Complete 
|  43|0x0000000084f00000, 0x0000000085000000, 0x0000000085000000|100%| E|CS|TAMS 0x0000000084f00000, 0x0000000084f00000| Complete 
|  44|0x0000000085000000, 0x0000000085100000, 0x0000000085100000|100%| E|CS|TAMS 0x0000000085000000, 0x0000000085000000| Complete 
|  45|0x0000000085100000, 0x0000000085200000, 0x0000000085200000|100%| E|CS|TAMS 0x0000000085100000, 0x0000000085100000| Complete 
|  46|0x0000000085200000, 0x0000000085300000, 0x0000000085300000|100%| E|CS|TAMS 0x0000000085200000, 0x0000000085200000| Complete 
|  47|0x0000000085300000, 0x0000000085400000, 0x0000000085400000|100%| E|CS|TAMS 0x0000000085300000, 0x0000000085300000| Complete 
|  48|0x0000000085400000, 0x0000000085500000, 0x0000000085500000|100%| E|CS|TAMS 0x0000000085400000, 0x0000000085400000| Complete 
|  49|0x0000000085500000, 0x0000000085600000, 0x0000000085600000|100%| E|CS|TAMS 0x0000000085500000, 0x0000000085500000| Complete 
|  50|0x0000000085600000, 0x0000000085700000, 0x0000000085700000|100%| E|CS|TAMS 0x0000000085600000, 0x0000000085600000| Complete 
|  51|0x0000000085700000, 0x0000000085800000, 0x0000000085800000|100%| E|CS|TAMS 0x0000000085700000, 0x0000000085700000| Complete 
|  52|0x0000000085800000, 0x0000000085900000, 0x0000000085900000|100%| E|CS|TAMS 0x0000000085800000, 0x0000000085800000| Complete 
|  53|0x0000000085900000, 0x0000000085a00000, 0x0000000085a00000|100%| E|CS|TAMS 0x0000000085900000, 0x0000000085900000| Complete 
|  54|0x0000000085a00000, 0x0000000085b00000, 0x0000000085b00000|100%| E|CS|TAMS 0x0000000085a00000, 0x0000000085a00000| Complete 
|  55|0x0000000085b00000, 0x0000000085b6fb88, 0x0000000085c00000| 43%| S|CS|TAMS 0x0000000085b00000, 0x0000000085b00000| Complete 
|  56|0x0000000085c00000, 0x0000000085d00000, 0x0000000085d00000|100%| S|CS|TAMS 0x0000000085c00000, 0x0000000085c00000| Complete 
|  57|0x0000000085d00000, 0x0000000085e00000, 0x0000000085e00000|100%| E|CS|TAMS 0x0000000085d00000, 0x0000000085d00000| Complete 
|  67|0x0000000086700000, 0x0000000086800000, 0x0000000086800000|100%| E|CS|TAMS 0x0000000086700000, 0x0000000086700000| Complete 
| 125|0x000000008a100000, 0x000000008a200000, 0x000000008a200000|100%| E|  |TAMS 0x000000008a100000, 0x000000008a100000| Complete 

Card table byte_map: [0x000001a8e0530000,0x000001a8e0920000] _byte_map_base: 0x000001a8e011e000

Marking Bits (Prev, Next): (CMBitMap*) 0x000001a8d96adea0, (CMBitMap*) 0x000001a8d96ade60
 Prev Bits: [0x000001a8e2c80000, 0x000001a8e4bf0000)
 Next Bits: [0x000001a8e0d10000, 0x000001a8e2c80000)

Polling page: 0x000001a8d7580000

Metaspace:

Usage:
  Non-class:     54.72 MB used.
      Class:      8.71 MB used.
       Both:     63.43 MB used.

Virtual space:
  Non-class space:       64.00 MB reserved,      54.94 MB ( 86%) committed,  1 nodes.
      Class space:        1.00 GB reserved,       8.94 MB ( <1%) committed,  1 nodes.
             Both:        1.06 GB reserved,      63.88 MB (  6%) committed. 

Chunk freelists:
   Non-Class:  8.17 MB
       Class:  7.08 MB
        Both:  15.25 MB

MaxMetaspaceSize: unlimited
CompressedClassSpaceSize: 1.00 GB
Initial GC threshold: 21.00 MB
Current GC threshold: 98.38 MB
CDS: off
MetaspaceReclaimPolicy: balanced
 - commit_granule_bytes: 65536.
 - commit_granule_words: 8192.
 - virtual_space_node_default_size: 8388608.
 - enlarge_chunks_in_place: 1.
 - new_chunks_are_fully_committed: 0.
 - uncommit_free_chunks: 1.
 - use_allocation_guard: 0.
 - handle_deallocations: 1.


Internal statistics:

num_allocs_failed_limit: 9.
num_arena_births: 694.
num_arena_deaths: 0.
num_vsnodes_births: 2.
num_vsnodes_deaths: 0.
num_space_committed: 1022.
num_space_uncommitted: 0.
num_chunks_returned_to_freelist: 9.
num_chunks_taken_from_freelist: 2585.
num_chunk_merges: 9.
num_chunk_splits: 1876.
num_chunks_enlarged: 1453.
num_inconsistent_stats: 0.

CodeCache: size=49152Kb used=9787Kb max_used=9787Kb free=39364Kb
 bounds [0x000001a8dce10000, 0x000001a8dd7a0000, 0x000001a8dfe10000]
 total_blobs=5493 nmethods=4848 adapters=569
 compilation: enabled
              stopped_count=0, restarted_count=0
 full_count=0

Compilation events (20 events):
Event: 5.194 Thread 0x000001a8e7acd260 4817       1       org.hibernate.mapping.SimpleValue::getSelectables (5 bytes)
Event: 5.194 Thread 0x000001a8e7888d80 4818       1       java.util.stream.TerminalOp::getOpFlags (2 bytes)
Event: 5.194 Thread 0x000001a8e7acd260 nmethod 4817 0x000001a8dd793810 code [0x000001a8dd7939a0, 0x000001a8dd793a78]
Event: 5.194 Thread 0x000001a8e781c1b0 4819       1       org.hibernate.boot.model.process.internal.InferredBasicValueResolution::getLegacyResolvedBasicType (5 bytes)
Event: 5.194 Thread 0x000001a8e7888d80 nmethod 4818 0x000001a8dd793b10 code [0x000001a8dd793ca0, 0x000001a8dd793d78]
Event: 5.194 Thread 0x000001a8e7acd260 4820       1       org.hibernate.internal.util.StringHelper::safeInterning (11 bytes)
Event: 5.194 Thread 0x000001a8e781c1b0 nmethod 4819 0x000001a8dd793e10 code [0x000001a8dd793fa0, 0x000001a8dd794078]
Event: 5.194 Thread 0x000001a8e7acd260 nmethod 4820 0x000001a8dd794110 code [0x000001a8dd7942c0, 0x000001a8dd7943c8]
Event: 5.202 Thread 0x000001a8e7acd260 4821       1       org.hibernate.mapping.BasicValue::getResolution (5 bytes)
Event: 5.202 Thread 0x000001a8e7acd260 nmethod 4821 0x000001a8dd794810 code [0x000001a8dd7949a0, 0x000001a8dd794a78]
Event: 5.209 Thread 0x000001a8e781c1b0 4822       1       org.hibernate.type.AbstractStandardBasicType::getJavaTypeDescriptor (5 bytes)
Event: 5.209 Thread 0x000001a8e781c1b0 nmethod 4822 0x000001a8dd795590 code [0x000001a8dd795720, 0x000001a8dd7957f8]
Event: 5.213 Thread 0x000001a8e781c1b0 4823       1       org.hibernate.type.AbstractStandardBasicType::getJdbcType (5 bytes)
Event: 5.213 Thread 0x000001a8e781c1b0 nmethod 4823 0x000001a8dd795890 code [0x000001a8dd795a20, 0x000001a8dd795af8]
Event: 5.217 Thread 0x000001a8e781c1b0 4824       1       java.lang.invoke.LambdaForm::arguments (47 bytes)
Event: 5.218 Thread 0x000001a8e781c1b0 nmethod 4824 0x000001a8dd795b90 code [0x000001a8dd795d80, 0x000001a8dd7961c8]
Event: 5.236 Thread 0x000001a8e781c1b0 4828       1       java.lang.invoke.MethodHandles$Lookup::lookupModes (8 bytes)
Event: 5.236 Thread 0x000001a8e781c1b0 nmethod 4828 0x000001a8dd797590 code [0x000001a8dd797720, 0x000001a8dd7977f8]
Event: 5.259 Thread 0x000001a8e781c1b0 4833       1       jdk.internal.misc.CDS::isDumpingClassList (4 bytes)
Event: 5.259 Thread 0x000001a8e781c1b0 nmethod 4833 0x000001a8dd799690 code [0x000001a8dd799820, 0x000001a8dd7998d8]

GC Heap History (20 events):
Event: 1.569 GC heap before
{Heap before GC invocations=3 (full 0):
 garbage-first heap   total 37888K, used 25787K [0x0000000082400000, 0x0000000100000000)
  region size 1024K, 20 young (20480K), 2 survivors (2048K)
 Metaspace       used 25815K, committed 26112K, reserved 1114112K
  class space    used 3072K, committed 3200K, reserved 1048576K
}
Event: 1.573 GC heap after
{Heap after GC invocations=4 (full 0):
 garbage-first heap   total 37888K, used 10601K [0x0000000082400000, 0x0000000100000000)
  region size 1024K, 4 young (4096K), 4 survivors (4096K)
 Metaspace       used 25815K, committed 26112K, reserved 1114112K
  class space    used 3072K, committed 3200K, reserved 1048576K
}
Event: 1.580 GC heap before
{Heap before GC invocations=4 (full 0):
 garbage-first heap   total 37888K, used 10601K [0x0000000082400000, 0x0000000100000000)
  region size 1024K, 5 young (5120K), 4 survivors (4096K)
 Metaspace       used 26019K, committed 26368K, reserved 1114112K
  class space    used 3097K, committed 3264K, reserved 1048576K
}
Event: 1.584 GC heap after
{Heap after GC invocations=5 (full 0):
 garbage-first heap   total 37888K, used 10836K [0x0000000082400000, 0x0000000100000000)
  region size 1024K, 1 young (1024K), 1 survivors (1024K)
 Metaspace       used 26019K, committed 26368K, reserved 1114112K
  class space    used 3097K, committed 3264K, reserved 1048576K
}
Event: 1.753 GC heap before
{Heap before GC invocations=5 (full 0):
 garbage-first heap   total 37888K, used 24148K [0x0000000082400000, 0x0000000100000000)
  region size 1024K, 15 young (15360K), 1 survivors (1024K)
 Metaspace       used 28510K, committed 28800K, reserved 1114112K
  class space    used 3450K, committed 3584K, reserved 1048576K
}
Event: 1.755 GC heap after
{Heap after GC invocations=6 (full 0):
 garbage-first heap   total 37888K, used 11708K [0x0000000082400000, 0x0000000100000000)
  region size 1024K, 2 young (2048K), 2 survivors (2048K)
 Metaspace       used 28510K, committed 28800K, reserved 1114112K
  class space    used 3450K, committed 3584K, reserved 1048576K
}
Event: 1.996 GC heap before
{Heap before GC invocations=6 (full 0):
 garbage-first heap   total 37888K, used 26044K [0x0000000082400000, 0x0000000100000000)
  region size 1024K, 16 young (16384K), 2 survivors (2048K)
 Metaspace       used 29341K, committed 29632K, reserved 1114112K
  class space    used 3591K, committed 3712K, reserved 1048576K
}
Event: 2.001 GC heap after
{Heap after GC invocations=7 (full 0):
 garbage-first heap   total 75776K, used 12847K [0x0000000082400000, 0x0000000100000000)
  region size 1024K, 2 young (2048K), 2 survivors (2048K)
 Metaspace       used 29341K, committed 29632K, reserved 1114112K
  class space    used 3591K, committed 3712K, reserved 1048576K
}
Event: 2.881 GC heap before
{Heap before GC invocations=7 (full 0):
 garbage-first heap   total 75776K, used 49711K [0x0000000082400000, 0x0000000100000000)
  region size 1024K, 38 young (38912K), 2 survivors (2048K)
 Metaspace       used 34882K, committed 35264K, reserved 1114112K
  class space    used 4445K, committed 4608K, reserved 1048576K
}
Event: 2.890 GC heap after
{Heap after GC invocations=8 (full 0):
 garbage-first heap   total 75776K, used 16047K [0x0000000082400000, 0x0000000100000000)
  region size 1024K, 5 young (5120K), 5 survivors (5120K)
 Metaspace       used 34882K, committed 35264K, reserved 1114112K
  class space    used 4445K, committed 4608K, reserved 1048576K
}
Event: 2.980 GC heap before
{Heap before GC invocations=8 (full 0):
 garbage-first heap   total 75776K, used 21167K [0x0000000082400000, 0x0000000100000000)
  region size 1024K, 11 young (11264K), 5 survivors (5120K)
 Metaspace       used 35743K, committed 36096K, reserved 1114112K
  class space    used 4628K, committed 4800K, reserved 1048576K
}
Event: 2.989 GC heap after
{Heap after GC invocations=9 (full 0):
 garbage-first heap   total 75776K, used 16500K [0x0000000082400000, 0x0000000100000000)
  region size 1024K, 1 young (1024K), 1 survivors (1024K)
 Metaspace       used 35743K, committed 36096K, reserved 1114112K
  class space    used 4628K, committed 4800K, reserved 1048576K
}
Event: 3.859 GC heap before
{Heap before GC invocations=10 (full 0):
 garbage-first heap   total 61440K, used 52340K [0x0000000082400000, 0x0000000100000000)
  region size 1024K, 36 young (36864K), 1 survivors (1024K)
 Metaspace       used 45787K, committed 46272K, reserved 1114112K
  class space    used 5911K, committed 6144K, reserved 1048576K
}
Event: 3.862 GC heap after
{Heap after GC invocations=11 (full 0):
 garbage-first heap   total 61440K, used 19898K [0x0000000082400000, 0x0000000100000000)
  region size 1024K, 4 young (4096K), 4 survivors (4096K)
 Metaspace       used 45787K, committed 46272K, reserved 1114112K
  class space    used 5911K, committed 6144K, reserved 1048576K
}
Event: 4.350 GC heap before
{Heap before GC invocations=11 (full 0):
 garbage-first heap   total 61440K, used 44474K [0x0000000082400000, 0x0000000100000000)
  region size 1024K, 29 young (29696K), 4 survivors (4096K)
 Metaspace       used 51568K, committed 52096K, reserved 1114112K
  class space    used 6775K, committed 7040K, reserved 1048576K
}
Event: 4.354 GC heap after
{Heap after GC invocations=12 (full 0):
 garbage-first heap   total 61440K, used 21670K [0x0000000082400000, 0x0000000100000000)
  region size 1024K, 2 young (2048K), 2 survivors (2048K)
 Metaspace       used 51568K, committed 52096K, reserved 1114112K
  class space    used 6775K, committed 7040K, reserved 1048576K
}
Event: 4.783 GC heap before
{Heap before GC invocations=12 (full 0):
 garbage-first heap   total 61440K, used 45222K [0x0000000082400000, 0x0000000100000000)
  region size 1024K, 26 young (26624K), 2 survivors (2048K)
 Metaspace       used 58246K, committed 58688K, reserved 1114112K
  class space    used 7734K, committed 7936K, reserved 1048576K
}
Event: 4.786 GC heap after
{Heap after GC invocations=13 (full 0):
 garbage-first heap   total 61440K, used 22958K [0x0000000082400000, 0x0000000100000000)
  region size 1024K, 4 young (4096K), 4 survivors (4096K)
 Metaspace       used 58246K, committed 58688K, reserved 1114112K
  class space    used 7734K, committed 7936K, reserved 1048576K
}
Event: 4.853 GC heap before
{Heap before GC invocations=13 (full 0):
 garbage-first heap   total 61440K, used 25006K [0x0000000082400000, 0x0000000100000000)
  region size 1024K, 7 young (7168K), 4 survivors (4096K)
 Metaspace       used 59840K, committed 60288K, reserved 1114112K
  class space    used 8026K, committed 8256K, reserved 1048576K
}
Event: 4.856 GC heap after
{Heap after GC invocations=14 (full 0):
 garbage-first heap   total 61440K, used 22862K [0x0000000082400000, 0x0000000100000000)
  region size 1024K, 2 young (2048K), 2 survivors (2048K)
 Metaspace       used 59840K, committed 60288K, reserved 1114112K
  class space    used 8026K, committed 8256K, reserved 1048576K
}

Dll operation events (4 events):
Event: 0.010 Loaded shared library C:\Users\Asus\.jdks\jbr-17.0.8.1\bin\java.dll
Event: 0.045 Loaded shared library C:\Users\Asus\.jdks\jbr-17.0.8.1\bin\jsvml.dll
Event: 0.187 Loaded shared library C:\Users\Asus\.jdks\jbr-17.0.8.1\bin\zip.dll
Event: 4.222 Loaded shared library C:\Users\Asus\.jdks\jbr-17.0.8.1\bin\verify.dll

Deoptimization events (6 events):
Event: 1.478 Thread 0x000001a8d9653710 DEOPT PACKING pc=0x000001a8dd2fea99 sp=0x00000005011fd350
Event: 1.478 Thread 0x000001a8d9653710 DEOPT UNPACKING pc=0x000001a8dce67143 sp=0x00000005011fc830 mode 3
Event: 1.654 Thread 0x000001a8d9653710 DEOPT PACKING pc=0x000001a8dd34f455 sp=0x00000005011fe5c0
Event: 1.655 Thread 0x000001a8d9653710 DEOPT UNPACKING pc=0x000001a8dce67143 sp=0x00000005011fda68 mode 3
Event: 3.282 Thread 0x000001a8d9653710 DEOPT PACKING pc=0x000001a8dd59c77d sp=0x00000005011fc650
Event: 3.282 Thread 0x000001a8d9653710 DEOPT UNPACKING pc=0x000001a8dce67143 sp=0x00000005011fbbb8 mode 3

Classes unloaded (0 events):
No events

Classes redefined (0 events):
No events

Internal exceptions (20 events):
Event: 3.288 Thread 0x000001a8d9653710 Exception <a 'java/lang/NoSuchMethodError'{0x0000000084f86d40}: 'long java.lang.invoke.DirectMethodHandle$Holder.invokeVirtual(java.lang.Object, java.lang.Object)'> (0x0000000084f86d40) 
thrown [s\src\hotspot\share\interpreter\linkResolver.cpp, line 771]
Event: 3.394 Thread 0x000001a8d9653710 Exception <a 'sun/nio/fs/WindowsException'{0x0000000084849928}> (0x0000000084849928) 
thrown [s\src\hotspot\share\prims\jni.cpp, line 517]
Event: 3.690 Thread 0x000001a8d9653710 Exception <a 'sun/nio/fs/WindowsException'{0x0000000083f86670}> (0x0000000083f86670) 
thrown [s\src\hotspot\share\prims\jni.cpp, line 517]
Event: 3.700 Thread 0x000001a8d9653710 Exception <a 'java/lang/NoSuchMethodError'{0x0000000083fa6ce0}: 'int java.lang.invoke.DirectMethodHandle$Holder.invokeStaticInit(java.lang.Object, java.lang.Object, java.lang.Object, java.lang.Object)'> (0x0000000083fa6ce0) 
thrown [s\src\hotspot\share\interpreter\linkResolver.cpp, line 771]
Event: 3.783 Thread 0x000001a8ecd0e5a0 Exception <a 'java/lang/reflect/InvocationTargetException'{0x0000000083d89c00}> (0x0000000083d89c00) 
thrown [s\src\hotspot\share\runtime\reflection.cpp, line 1127]
Event: 3.886 Thread 0x000001a8d9653710 Exception <a 'java/lang/NoSuchMethodError'{0x0000000086737690}: 'java.lang.Object java.lang.invoke.DirectMethodHandle$Holder.invokeStaticInit(java.lang.Object, java.lang.Object, java.lang.Object, java.lang.Object)'> (0x0000000086737690) 
thrown [s\src\hotspot\share\interpreter\linkResolver.cpp, line 771]
Event: 4.287 Thread 0x000001a8ecd0e5a0 Exception <a 'java/lang/reflect/InvocationTargetException'{0x0000000084a91178}> (0x0000000084a91178) 
thrown [s\src\hotspot\share\runtime\reflection.cpp, line 1127]
Event: 4.400 Thread 0x000001a8d9653710 Exception <a 'java/lang/NoSuchMethodError'{0x0000000085d2e778}: 'int java.lang.invoke.DirectMethodHandle$Holder.invokeStatic(java.lang.Object)'> (0x0000000085d2e778) 
thrown [s\src\hotspot\share\interpreter\linkResolver.cpp, line 771]
Event: 4.731 Thread 0x000001a8d9653710 Exception <a 'java/lang/IncompatibleClassChangeError'{0x0000000084bf0bb8}: Found class java.lang.Object, but interface was expected> (0x0000000084bf0bb8) 
thrown [s\src\hotspot\share\interpreter\linkResolver.cpp, line 838]
Event: 4.746 Thread 0x000001a8d9653710 Exception <a 'java/lang/NoSuchMethodError'{0x0000000084aacd28}: 'java.lang.Object java.lang.invoke.DirectMethodHandle$Holder.invokeStatic(java.lang.Object, java.lang.Object, int, java.lang.Object)'> (0x0000000084aacd28) 
thrown [s\src\hotspot\share\interpreter\linkResolver.cpp, line 771]
Event: 4.746 Thread 0x000001a8d9653710 Exception <a 'java/lang/NoSuchMethodError'{0x0000000084ab07c0}: 'java.lang.Object java.lang.invoke.DirectMethodHandle$Holder.invokeStaticInit(java.lang.Object, java.lang.Object, int, java.lang.Object)'> (0x0000000084ab07c0) 
thrown [s\src\hotspot\share\interpreter\linkResolver.cpp, line 771]
Event: 4.793 Thread 0x000001a8ecd0e5a0 Exception <a 'java/lang/reflect/InvocationTargetException'{0x000000008a1c0b88}> (0x000000008a1c0b88) 
thrown [s\src\hotspot\share\runtime\reflection.cpp, line 1127]
Event: 5.219 Thread 0x000001a8d9653710 Exception <a 'java/lang/NoSuchMethodError'{0x0000000084b552a0}: 'void java.lang.invoke.DirectMethodHandle$Holder.invokeInterface(java.lang.Object, java.lang.Object, int, java.lang.Object)'> (0x0000000084b552a0) 
thrown [s\src\hotspot\share\interpreter\linkResolver.cpp, line 771]
Event: 5.221 Thread 0x000001a8d9653710 Exception <a 'java/lang/NoSuchMethodError'{0x0000000084b7de00}: 'java.lang.Object java.lang.invoke.DirectMethodHandle$Holder.newInvokeSpecial(java.lang.Object, java.lang.Object, int, java.lang.Object)'> (0x0000000084b7de00) 
thrown [s\src\hotspot\share\interpreter\linkResolver.cpp, line 771]
Event: 5.222 Thread 0x000001a8d9653710 Exception <a 'java/lang/NoSuchMethodError'{0x0000000084b819c8}: 'java.lang.Object java.lang.invoke.Invokers$Holder.linkToTargetMethod(java.lang.Object, int, java.lang.Object, java.lang.Object)'> (0x0000000084b819c8) 
thrown [s\src\hotspot\share\interpreter\linkResolver.cpp, line 771]
Event: 5.257 Thread 0x000001a8d9653710 Exception <a 'java/lang/NoSuchMethodError'{0x0000000084966478}: 'int java.lang.invoke.DirectMethodHandle$Holder.invokeStatic(java.lang.Object, int, java.lang.Object)'> (0x0000000084966478) 
thrown [s\src\hotspot\share\interpreter\linkResolver.cpp, line 771]
Event: 5.259 Thread 0x000001a8d9653710 Exception <a 'java/lang/NoSuchMethodError'{0x0000000084987210}: 'java.lang.Object java.lang.invoke.DirectMethodHandle$Holder.newInvokeSpecial(java.lang.Object, java.lang.Object, java.lang.Object, java.lang.Object, java.lang.Object, int, java.lang.Object)'> (0x0000000084987210) 
thrown [s\src\hotspot\share\interpreter\linkResolver.cpp, line 771]
Event: 5.264 Thread 0x000001a8d9653710 Exception <a 'java/lang/NoSuchMethodError'{0x00000000849d21f0}: 'java.lang.Object java.lang.invoke.DirectMethodHandle$Holder.newInvokeSpecial(java.lang.Object, java.lang.Object, java.lang.Object, java.lang.Object, java.lang.Object, java.lang.Object, java.lang.Object, java.lang.Object, java.lang.Object, java.lang.Object, java.lang.Object)'> (0x00000000849d21f0) 
thrown [s\src\hotspot\share\interpreter\linkResolver.cpp, line 771]
Event: 5.264 Thread 0x000001a8d9653710 Exception <a 'java/lang/NoSuchMethodError'{0x00000000849d6f00}: 'java.lang.Object java.lang.invoke.DirectMethodHandle$Holder.invokeSpecial(java.lang.Object, java.lang.Object, java.lang.Object, java.lang.Object, java.lang.Object, java.lang.Object, java.lang.Object, java.lang.Object, java.lang.Object, java.lang.Object, java.lang.Object, java.lang.Object)'> (0x00000000849d6f00) 
thrown [s\src\hotspot\share\interpreter\linkResolver.cpp, line 771]
Event: 5.264 Thread 0x000001a8d9653710 Exception <a 'java/lang/NoSuchMethodError'{0x00000000849db4a0}: 'java.lang.Object java.lang.invoke.Invokers$Holder.linkToTargetMethod(java.lang.Object, java.lang.Object, java.lang.Object, java.lang.Object, java.lang.Object, java.lang.Object, java.lang.Object, java.lang.Object, java.lang.Object, java.lang.Object, java.lang.Object)'> (0x00000000849db4a0) 
thrown [s\src\hotspot\share\interpreter\linkResolver.cpp, line 771]

VM Operations (20 events):
Event: 3.695 Executing VM operation: HandshakeAllThreads
Event: 3.695 Executing VM operation: HandshakeAllThreads done
Event: 3.823 Executing VM operation: HandshakeAllThreads
Event: 3.823 Executing VM operation: HandshakeAllThreads done
Event: 3.859 Executing VM operation: G1CollectForAllocation
Event: 3.862 Executing VM operation: G1CollectForAllocation done
Event: 4.350 Executing VM operation: G1CollectForAllocation
Event: 4.354 Executing VM operation: G1CollectForAllocation done
Event: 4.783 Executing VM operation: G1CollectForAllocation
Event: 4.786 Executing VM operation: G1CollectForAllocation done
Event: 4.853 Executing VM operation: CollectForMetadataAllocation
Event: 4.856 Executing VM operation: CollectForMetadataAllocation done
Event: 4.866 Executing VM operation: G1PauseRemark
Event: 4.871 Executing VM operation: G1PauseRemark done
Event: 4.876 Executing VM operation: G1PauseCleanup
Event: 4.877 Executing VM operation: G1PauseCleanup done
Event: 5.095 Executing VM operation: HandshakeAllThreads
Event: 5.095 Executing VM operation: HandshakeAllThreads done
Event: 5.176 Executing VM operation: ICBufferFull
Event: 5.176 Executing VM operation: ICBufferFull done

Events (20 events):
Event: 4.684 loading class java/util/concurrent/CompletionStage
Event: 4.684 loading class java/util/concurrent/CompletionStage done
Event: 4.685 loading class java/util/concurrent/CompletableFuture
Event: 4.686 loading class java/util/concurrent/CompletableFuture done
Event: 4.686 loading class java/util/concurrent/CompletableFuture$AltResult
Event: 4.686 loading class java/util/concurrent/CompletableFuture$AltResult done
Event: 4.686 loading class java/util/concurrent/CompletableFuture$Completion
Event: 4.686 loading class java/util/concurrent/CompletableFuture$AsynchronousCompletionTask
Event: 4.686 loading class java/util/concurrent/CompletableFuture$AsynchronousCompletionTask done
Event: 4.686 loading class java/util/concurrent/ForkJoinTask
Event: 4.687 loading class java/util/concurrent/ForkJoinTask done
Event: 4.687 loading class java/util/concurrent/CompletableFuture$Completion done
Event: 4.725 loading class java/util/concurrent/CancellationException
Event: 4.725 loading class java/util/concurrent/CancellationException done
Event: 4.790 Thread 0x000001a8ed1552c0 Thread added: 0x000001a8ed1552c0
Event: 4.794 Thread 0x000001a8ed1552c0 Thread exited: 0x000001a8ed1552c0
Event: 5.072 loading class java/lang/reflect/AnnotatedArrayType
Event: 5.072 loading class java/lang/reflect/AnnotatedArrayType done
Event: 5.201 loading class jdk/internal/reflect/UnsafeLongFieldAccessorImpl
Event: 5.201 loading class jdk/internal/reflect/UnsafeLongFieldAccessorImpl done


Dynamic libraries:
0x00007ff6a8f90000 - 0x00007ff6a8f9a000 	C:\Users\Asus\.jdks\jbr-17.0.8.1\bin\java.exe
0x00007ffbc8a30000 - 0x00007ffbc8c47000 	C:\WINDOWS\SYSTEM32\ntdll.dll
0x00007ffbc81c0000 - 0x00007ffbc8284000 	C:\WINDOWS\System32\KERNEL32.DLL
0x00007ffbc5e30000 - 0x00007ffbc61d6000 	C:\WINDOWS\System32\KERNELBASE.dll
0x00007ffbc6460000 - 0x00007ffbc6571000 	C:\WINDOWS\System32\ucrtbase.dll
0x00007ffbb2940000 - 0x00007ffbb2957000 	C:\Users\Asus\.jdks\jbr-17.0.8.1\bin\jli.dll
0x00007ffbb2900000 - 0x00007ffbb291b000 	C:\Users\Asus\.jdks\jbr-17.0.8.1\bin\VCRUNTIME140.dll
0x00007ffbc6810000 - 0x00007ffbc69bd000 	C:\WINDOWS\System32\USER32.dll
0x00007ffbc66f0000 - 0x00007ffbc6716000 	C:\WINDOWS\System32\win32u.dll
0x00007ffbbb250000 - 0x00007ffbbb4e3000 	C:\WINDOWS\WinSxS\amd64_microsoft.windows.common-controls_6595b64144ccf1df_6.0.22621.2361_none_2712ced57382f843\COMCTL32.dll
0x00007ffbc8520000 - 0x00007ffbc8549000 	C:\WINDOWS\System32\GDI32.dll
0x00007ffbc8470000 - 0x00007ffbc8517000 	C:\WINDOWS\System32\msvcrt.dll
0x00007ffbc62a0000 - 0x00007ffbc63b8000 	C:\WINDOWS\System32\gdi32full.dll
0x00007ffbc63c0000 - 0x00007ffbc645a000 	C:\WINDOWS\System32\msvcp_win.dll
0x00007ffbc8550000 - 0x00007ffbc8581000 	C:\WINDOWS\System32\IMM32.DLL
0x00007ffba8b60000 - 0x00007ffba8b6c000 	C:\Users\Asus\.jdks\jbr-17.0.8.1\bin\vcruntime140_1.dll
0x00007ffb93960000 - 0x00007ffb939ed000 	C:\Users\Asus\.jdks\jbr-17.0.8.1\bin\msvcp140.dll
0x00007ffb55f10000 - 0x00007ffb56b93000 	C:\Users\Asus\.jdks\jbr-17.0.8.1\bin\server\jvm.dll
0x00007ffbc7580000 - 0x00007ffbc7630000 	C:\WINDOWS\System32\ADVAPI32.dll
0x00007ffbc7790000 - 0x00007ffbc7836000 	C:\WINDOWS\System32\sechost.dll
0x00007ffbc7840000 - 0x00007ffbc7957000 	C:\WINDOWS\System32\RPCRT4.dll
0x00007ffb82c80000 - 0x00007ffb82c89000 	C:\WINDOWS\SYSTEM32\WSOCK32.dll
0x00007ffbc4c40000 - 0x00007ffbc4c8d000 	C:\WINDOWS\SYSTEM32\POWRPROF.dll
0x00007ffbb9150000 - 0x00007ffbb9184000 	C:\WINDOWS\SYSTEM32\WINMM.dll
0x00007ffbc8970000 - 0x00007ffbc89e1000 	C:\WINDOWS\System32\WS2_32.dll
0x00007ffbbf710000 - 0x00007ffbbf71a000 	C:\WINDOWS\SYSTEM32\VERSION.dll
0x00007ffbc4c20000 - 0x00007ffbc4c33000 	C:\WINDOWS\SYSTEM32\UMPDC.dll
0x00007ffbc4e80000 - 0x00007ffbc4e98000 	C:\WINDOWS\SYSTEM32\kernel.appcore.dll
0x00007ffba24c0000 - 0x00007ffba24ca000 	C:\Users\Asus\.jdks\jbr-17.0.8.1\bin\jimage.dll
0x00007ffbc3710000 - 0x00007ffbc393e000 	C:\WINDOWS\SYSTEM32\DBGHELP.DLL
0x00007ffbc6ab0000 - 0x00007ffbc6e3a000 	C:\WINDOWS\System32\combase.dll
0x00007ffbc8890000 - 0x00007ffbc8967000 	C:\WINDOWS\System32\OLEAUT32.dll
0x00007ffbb35a0000 - 0x00007ffbb35d2000 	C:\WINDOWS\SYSTEM32\dbgcore.DLL
0x00007ffbc5db0000 - 0x00007ffbc5e2a000 	C:\WINDOWS\System32\bcryptPrimitives.dll
0x00007ffbc2a60000 - 0x00007ffbc2a6e000 	C:\Users\Asus\.jdks\jbr-17.0.8.1\bin\instrument.dll
0x00007ffb55ee0000 - 0x00007ffb55f05000 	C:\Users\Asus\.jdks\jbr-17.0.8.1\bin\java.dll
0x00007ffb55ec0000 - 0x00007ffb55ed8000 	C:\Users\Asus\.jdks\jbr-17.0.8.1\bin\zip.dll
0x00007ffb55de0000 - 0x00007ffb55eb7000 	C:\Users\Asus\.jdks\jbr-17.0.8.1\bin\jsvml.dll
0x00007ffbc7960000 - 0x00007ffbc81b8000 	C:\WINDOWS\System32\SHELL32.dll
0x00007ffbc3d10000 - 0x00007ffbc4602000 	C:\WINDOWS\SYSTEM32\windows.storage.dll
0x00007ffbc3bd0000 - 0x00007ffbc3d0e000 	C:\WINDOWS\SYSTEM32\wintypes.dll
0x00007ffbc8630000 - 0x00007ffbc8723000 	C:\WINDOWS\System32\SHCORE.dll
0x00007ffbc6790000 - 0x00007ffbc67ee000 	C:\WINDOWS\System32\shlwapi.dll
0x00007ffbc5ce0000 - 0x00007ffbc5d06000 	C:\WINDOWS\SYSTEM32\profapi.dll
0x00007ffb55dc0000 - 0x00007ffb55dd9000 	C:\Users\Asus\.jdks\jbr-17.0.8.1\bin\net.dll
0x00007ffbbf390000 - 0x00007ffbbf4c7000 	C:\WINDOWS\SYSTEM32\WINHTTP.dll
0x00007ffbc5360000 - 0x00007ffbc53c9000 	C:\WINDOWS\system32\mswsock.dll
0x00007ffb55da0000 - 0x00007ffb55db6000 	C:\Users\Asus\.jdks\jbr-17.0.8.1\bin\nio.dll
0x00007ffbc0b00000 - 0x00007ffbc0b1a000 	C:\Program Files\JetBrains\IntelliJ IDEA 2023.1.4\bin\breakgen64.dll
0x00007ffbc4960000 - 0x00007ffbc4a59000 	C:\WINDOWS\SYSTEM32\DNSAPI.dll
0x00007ffbc48e0000 - 0x00007ffbc490d000 	C:\WINDOWS\SYSTEM32\IPHLPAPI.DLL
0x00007ffbc7630000 - 0x00007ffbc7639000 	C:\WINDOWS\System32\NSI.dll
0x00007ffbbd510000 - 0x00007ffbbd51a000 	C:\Windows\System32\rasadhlp.dll
0x00007ffbbecf0000 - 0x00007ffbbed74000 	C:\WINDOWS\System32\fwpuclnt.dll
0x00007ffbc2890000 - 0x00007ffbc2899000 	C:\Users\Asus\.jdks\jbr-17.0.8.1\bin\management.dll
0x00007ffbc0b20000 - 0x00007ffbc0b2b000 	C:\Users\Asus\.jdks\jbr-17.0.8.1\bin\management_ext.dll
0x00007ffbc8290000 - 0x00007ffbc8298000 	C:\WINDOWS\System32\PSAPI.DLL
0x00007ffbc55b0000 - 0x00007ffbc55cb000 	C:\WINDOWS\SYSTEM32\CRYPTSP.dll
0x00007ffbc4e40000 - 0x00007ffbc4e75000 	C:\WINDOWS\system32\rsaenh.dll
0x00007ffbc5450000 - 0x00007ffbc547c000 	C:\WINDOWS\SYSTEM32\USERENV.dll
0x00007ffbc5750000 - 0x00007ffbc5778000 	C:\WINDOWS\SYSTEM32\bcrypt.dll
0x00007ffbc55d0000 - 0x00007ffbc55dc000 	C:\WINDOWS\SYSTEM32\CRYPTBASE.dll
0x00007ffbbfab0000 - 0x00007ffbbfac9000 	C:\WINDOWS\SYSTEM32\dhcpcsvc6.DLL
0x00007ffbbf7f0000 - 0x00007ffbbf80f000 	C:\WINDOWS\SYSTEM32\dhcpcsvc.DLL
0x00007ffba4290000 - 0x00007ffba42a7000 	C:\WINDOWS\system32\napinsp.dll
0x00007ffba4150000 - 0x00007ffba416b000 	C:\WINDOWS\system32\pnrpnsp.dll
0x00007ffba3db0000 - 0x00007ffba3dc1000 	C:\WINDOWS\System32\winrnr.dll
0x00007ffba3d90000 - 0x00007ffba3da5000 	C:\WINDOWS\system32\wshbth.dll
0x00007ffba3d60000 - 0x00007ffba3d81000 	C:\WINDOWS\system32\nlansp_c.dll
0x00007ffbc0af0000 - 0x00007ffbc0afe000 	C:\Users\Asus\.jdks\jbr-17.0.8.1\bin\sunmscapi.dll
0x00007ffbc6580000 - 0x00007ffbc66e6000 	C:\WINDOWS\System32\CRYPT32.dll
0x00007ffbc5720000 - 0x00007ffbc574d000 	C:\WINDOWS\SYSTEM32\ncrypt.dll
0x00007ffbc56e0000 - 0x00007ffbc5717000 	C:\WINDOWS\SYSTEM32\NTASN1.dll
0x00007ffbb2970000 - 0x00007ffbb2980000 	C:\Users\Asus\.jdks\jbr-17.0.8.1\bin\verify.dll

dbghelp: loaded successfully - version: 4.0.5 - missing functions: none
symbol engine: initialized successfully - sym options: 0x614 - pdb path: .;C:\Users\Asus\.jdks\jbr-17.0.8.1\bin;C:\WINDOWS\SYSTEM32;C:\WINDOWS\WinSxS\amd64_microsoft.windows.common-controls_6595b64144ccf1df_6.0.22621.2361_none_2712ced57382f843;C:\Users\Asus\.jdks\jbr-17.0.8.1\bin\server;C:\Program Files\JetBrains\IntelliJ IDEA 2023.1.4\bin

VM Arguments:
jvm_args: -XX:TieredStopAtLevel=1 -Dspring.output.ansi.enabled=always -Dcom.sun.management.jmxremote -Dspring.jmx.enabled=true -Dspring.liveBeansView.mbeanDomain -Dspring.application.admin.enabled=true -Dmanagement.endpoints.jmx.exposure.include=* -javaagent:C:\Program Files\JetBrains\IntelliJ IDEA 2023.1.4\lib\idea_rt.jar=53159:C:\Program Files\JetBrains\IntelliJ IDEA 2023.1.4\bin -Dfile.encoding=UTF-8 
java_command: com.httmbe.HttmBeApplication
java_class_path (initial): C:\Users\Asus\Downloads\Document\HTTM\code\httmBE\target\classes;C:\Users\Asus\.m2\repository\org\springframework\boot\spring-boot-starter-data-jpa\3.1.5\spring-boot-starter-data-jpa-3.1.5.jar;C:\Users\Asus\.m2\repository\org\springframework\boot\spring-boot-starter-aop\3.1.5\spring-boot-starter-aop-3.1.5.jar;C:\Users\Asus\.m2\repository\org\springframework\spring-aop\6.0.13\spring-aop-6.0.13.jar;C:\Users\Asus\.m2\repository\org\aspectj\aspectjweaver\1.9.20\aspectjweaver-1.9.20.jar;C:\Users\Asus\.m2\repository\org\springframework\boot\spring-boot-starter-jdbc\3.1.5\spring-boot-starter-jdbc-3.1.5.jar;C:\Users\Asus\.m2\repository\com\zaxxer\HikariCP\5.0.1\HikariCP-5.0.1.jar;C:\Users\Asus\.m2\repository\org\springframework\spring-jdbc\6.0.13\spring-jdbc-6.0.13.jar;C:\Users\Asus\.m2\repository\org\hibernate\orm\hibernate-core\6.2.13.Final\hibernate-core-6.2.13.Final.jar;C:\Users\Asus\.m2\repository\jakarta\persistence\jakarta.persistence-api\3.1.0\jakarta.persistence-api-3.1.0.jar;C:\Users\Asus\.m2\repository\jakarta\transaction\jakarta.transaction-api\2.0.1\jakarta.transaction-api-2.0.1.jar;C:\Users\Asus\.m2\repository\org\jboss\logging\jboss-logging\3.5.3.Final\jboss-logging-3.5.3.Final.jar;C:\Users\Asus\.m2\repository\org\hibernate\common\hibernate-commons-annotations\6.0.6.Final\hibernate-commons-annotations-6.0.6.Final.jar;C:\Users\Asus\.m2\repository\io\smallrye\jandex\3.0.5\jandex-3.0.5.jar;C:\Users\Asus\.m2\repository\com\fasterxml\classmate\1.5.1\classmate-1.5.1.jar;C:\Users\Asus\.m2\repository\net\bytebuddy\byte-buddy\1.14.9\byte-buddy-1.14.9.jar;C:\Users\Asus\.m2\repository\org\glassfish\jaxb\jaxb-runtime\4.0.3\jaxb-runtime-4.0.3.jar;C:\Users\Asus\.m2\repository\org\glassfish\jaxb\jaxb-core\4.0.3\jaxb-core-4.0.3.jar;C:\Users\Asus\.m2\repository\org\eclipse\angus\angus-activation\2.0.1\angus-activation-2.0.1.jar;C:\Users\Asus\.m2\repository\org\glassfish\jaxb\txw2\4.0.3\txw2-4.0.3.jar;C:\Users\Asus\.m2\repository\com\sun\istack\ist
Launcher Type: SUN_STANDARD

[Global flags]
     intx CICompilerCount                          = 4                                         {product} {ergonomic}
     uint ConcGCThreads                            = 3                                         {product} {ergonomic}
     uint G1ConcRefinementThreads                  = 10                                        {product} {ergonomic}
   size_t G1HeapRegionSize                         = 1048576                                   {product} {ergonomic}
    uintx GCDrainStackTargetSize                   = 64                                        {product} {ergonomic}
   size_t InitialHeapSize                          = 132120576                                 {product} {ergonomic}
     bool ManagementServer                         = true                                      {product} {command line}
   size_t MarkStackSize                            = 4194304                                   {product} {ergonomic}
   size_t MaxHeapSize                              = 2109734912                                {product} {ergonomic}
   size_t MaxNewSize                               = 1265631232                                {product} {ergonomic}
   size_t MinHeapDeltaBytes                        = 1048576                                   {product} {ergonomic}
   size_t MinHeapSize                              = 8388608                                   {product} {ergonomic}
    uintx NonProfiledCodeHeapSize                  = 0                                      {pd product} {ergonomic}
     bool ProfileInterpreter                       = false                                  {pd product} {command line}
    uintx ProfiledCodeHeapSize                     = 0                                      {pd product} {ergonomic}
   size_t SoftMaxHeapSize                          = 2109734912                             {manageable} {ergonomic}
     intx TieredStopAtLevel                        = 1                                         {product} {command line}
     bool UseCompressedClassPointers               = true                           {product lp64_product} {ergonomic}
     bool UseCompressedOops                        = true                           {product lp64_product} {ergonomic}
     bool UseG1GC                                  = true                                      {product} {ergonomic}
     bool UseLargePagesIndividualAllocation        = false                                  {pd product} {ergonomic}

Logging:
Log output configuration:
 #0: stdout all=warning uptime,level,tags
 #1: stderr all=off uptime,level,tags

Environment Variables:
PATH=C:\Program Files\NVIDIA GPU Computing Toolkit\CUDA\v12.3\bin;C:\Program Files\NVIDIA GPU Computing Toolkit\CUDA\v12.3\libnvvp;C:\Program Files (x86)\Common Files\Oracle\Java\javapath;C:\Windows\system32;C:\Windows;C:\Windows\System32\Wbem;C:\Windows\System32\WindowsPowerShell\v1.0\;C:\Windows\System32\OpenSSH\;C:\Program Files (x86)\NVIDIA Corporation\PhysX\Common;C:\Program Files\NVIDIA Corporation\NVIDIA NvDLISR;C:\Program Files\dotnet\;C:\Program Files\Microsoft SQL Server\150\Tools\Binn\;C:\Program Files\Microsoft SQL Server\Client SDK\ODBC\170\Tools\Binn\;C:\Program Files (x86)\Microsoft SQL Server\160\Tools\Binn\;C:\Program Files\Microsoft SQL Server\160\Tools\Binn\;C:\Program Files\Microsoft SQL Server\160\DTS\Binn\;C:\Program Files (x86)\Microsoft SQL Server\160\DTS\Binn\;C:\Program Files\Azure Data Studio\bin;C:\WINDOWS\system32;C:\WINDOWS;C:\WINDOWS\System32\Wbem;C:\WINDOWS\System32\WindowsPowerShell\v1.0\;C:\WINDOWS\System32\OpenSSH\;C:\Program Files\nodejs\;C:\xampp\php;C:\composer;C:\Program Files\Git\cmd;C:\Program Files\Redis\;C:\Program Files\Java\jdk-1.8\bin;C:\Program Files\Cloudflare\Cloudflare WARP\;C:\Program Files\NVIDIA Corporation\Nsight Compute 2023.3.0\;C:\Users\Asus\AppData\Local\Programs\Python\Python39\Scripts\;C:\Users\Asus\AppData\Local\Programs\Python\Python39\;C:\Program Files\MySQL\MySQL Shell 8.0\bin\;C:\Users\Asus\AppData\Local\Microsoft\WindowsApps;C:\Program Files\JetBrains\IntelliJ IDEA 2023.1.4\bin;;C:\Users\Asus\AppData\Local\Programs\Microsoft VS Code\bin;C:\Users\Asus\.dotnet\tools;C:\Program Files\Azure Data Studio\bin;C:\Users\Asus\AppData\Roaming\npm;C:\Users\Asus\AppData\Roaming\Composer\vendor\bin;C:\xampp\php;;C:\Program Files\JetBrains\PyCharm Community Edition 2023.2.1\bin;
USERNAME=Asus
OS=Windows_NT
PROCESSOR_IDENTIFIER=Intel64 Family 6 Model 158 Stepping 10, GenuineIntel
TMP=C:\Users\Asus\AppData\Local\Temp
TEMP=C:\Users\Asus\AppData\Local\Temp


JNI global refs:
JNI global refs: 17, weak refs: 0

JNI global refs memory usage: 843, weak refs: 209

OOME stack traces (most recent first):
Classloader memory used:
Loader jdk.internal.loader.ClassLoaders$AppClassLoader                                 : 5288K
Loader bootstrap                                                                       : 2710K
Loader jdk.internal.loader.ClassLoaders$PlatformClassLoader                            : 96657B
Loader jdk.internal.reflect.DelegatingClassLoader                                      : 26073B
Loader net.bytebuddy.utility.dispatcher.JavaDispatcher$DynamicClassLoader              : 231B


---------------  S Y S T E M  ---------------

OS:
 Windows 11 , 64 bit Build 22621 (10.0.22621.2428)
OS uptime: 0 days 2:01 hours

CPU: total 12 (initial active 12) (6 cores per cpu, 2 threads per core) family 6 model 158 stepping 10 microcode 0xde, cx8, cmov, fxsr, ht, mmx, 3dnowpref, sse, sse2, sse3, ssse3, sse4.1, sse4.2, popcnt, lzcnt, tsc, tscinvbit, avx, avx2, aes, erms, clmul, bmi1, bmi2, adx, fma, vzeroupper, clflush, clflushopt
Processor Information for all 12 processors :
  Max Mhz: 2592, Current Mhz: 2592, Mhz Limit: 2592

Memory: 4k page, system-wide physical 8042M (427M free)
TotalPageFile size 32618M (AvailPageFile size 4M)
current process WorkingSet (physical memory assigned to process): 199M, peak: 202M
current process commit charge ("private bytes"): 233M, peak: 237M

vm_info: OpenJDK 64-Bit Server VM (17.0.8.1+7-b1059.3) for windows-amd64 JRE (17.0.8.1+7-b1059.3), built on 2023-09-11 by "builduser" with MS VC++ 16.10 / 16.11 (VS2019)

END.
